<?xml version="1.0" encoding="UTF-8"?>
<testsuite xmlns:xsi="http://www.w3.org/2001/XMLSchema-instance" xsi:noNamespaceSchemaLocation="https://maven.apache.org/surefire/maven-surefire-plugin/xsd/surefire-test-report.xsd" name="in.alagappan.sportshub.TestCreateUser" time="1.779" tests="8" errors="0" skipped="0" failures="2">
  <properties>
[...]
</properties>
  <testcase name="in.alagappan.sportshub.TestCreateUser.testUserPasswordWithNull" classname="in.alagappan.sportshub.TestCreateUser" time="0"/>
  <testcase name="in.alagappan.sportshub.TestCreateUser.testUserEmailWithNull" classname="in.alagappan.sportshub.TestCreateUser" time="0"/>
  <testcase name="in.alagappan.sportshub.TestCreateUser.testUserPasswordWithEmpty" classname="in.alagappan.sportshub.TestCreateUser" time="0"/>
  <testcase name="in.alagappan.sportshub.TestCreateUser.testUserFirstNameWithEmpty" classname="in.alagappan.sportshub.TestCreateUser" time="0"/>
  <testcase name="in.alagappan.sportshub.TestCreateUser.testCreateUserWithValidationInput" classname="in.alagappan.sportshub.TestCreateUser" time="1.775">
    <failure message="Unexpected exception thrown: java.lang.RuntimeException: java.sql.SQLIntegrityConstraintViolationException: target: demo_project.-.primary: vttablet: rpc error: code = AlreadyExists desc = Duplicate entry &apos;alagappan@gmail.com&apos; for key &apos;users.email&apos; (errno 1062) (sqlstate 23000) (CallerID: y4tsf63a2qokeiw4i3cs): Sql: &quot;insert into users(email, first_name, last_name, `password`) values (:vtg1 /* VARCHAR */, :vtg2 /* VARCHAR */, :vtg3 /* VARCHAR */, :vtg4 /* VARCHAR */)&quot;, BindVars: {REDACTED}" type="org.opentest4j.AssertionFailedError">org.opentest4j.AssertionFailedError: Unexpected exception thrown: java.lang.RuntimeException: java.sql.SQLIntegrityConstraintViolationException: target: demo_project.-.primary: vttablet: rpc error: code = AlreadyExists desc = Duplicate entry 'alagappan@gmail.com' for key 'users.email' (errno 1062) (sqlstate 23000) (CallerID: y4tsf63a2qokeiw4i3cs): Sql: "insert into users(email, first_name, last_name, `password`) values (:vtg1 /* VARCHAR */, :vtg2 /* VARCHAR */, :vtg3 /* VARCHAR */, :vtg4 /* VARCHAR */)", BindVars: {REDACTED}
	at org.junit.jupiter.api.AssertDoesNotThrow.createAssertionFailedError(AssertDoesNotThrow.java:83)
	at org.junit.jupiter.api.AssertDoesNotThrow.assertDoesNotThrow(AssertDoesNotThrow.java:54)
	at org.junit.jupiter.api.AssertDoesNotThrow.assertDoesNotThrow(AssertDoesNotThrow.java:37)
	at org.junit.jupiter.api.Assertions.assertDoesNotThrow(Assertions.java:3135)
	at in.alagappan.sportshub.TestCreateUser.testCreateUserWithValidationInput(TestCreateUser.java:26)
Caused by: java.lang.RuntimeException: java.sql.SQLIntegrityConstraintViolationException: target: demo_project.-.primary: vttablet: rpc error: code = AlreadyExists desc = Duplicate entry 'alagappan@gmail.com' for key 'users.email' (errno 1062) (sqlstate 23000) (CallerID: y4tsf63a2qokeiw4i3cs): Sql: "insert into users(email, first_name, last_name, `password`) values (:vtg1 /* VARCHAR */, :vtg2 /* VARCHAR */, :vtg3 /* VARCHAR */, :vtg4 /* VARCHAR */)", BindVars: {REDACTED}
	at in.alagappan.sportshub.dao.UserDAO.create(UserDAO.java:70)
	at in.alagappan.sportshub.service.UserService.create(UserService.java:29)
	at in.alagappan.sportshub.TestCreateUser.lambda$testCreateUserWithValidationInput$0(TestCreateUser.java:27)
	at org.junit.jupiter.api.AssertDoesNotThrow.assertDoesNotThrow(AssertDoesNotThrow.java:50)
	... 16 more
Caused by: java.sql.SQLIntegrityConstraintViolationException: target: demo_project.-.primary: vttablet: rpc error: code = AlreadyExists desc = Duplicate entry 'alagappan@gmail.com' for key 'users.email' (errno 1062) (sqlstate 23000) (CallerID: y4tsf63a2qokeiw4i3cs): Sql: "insert into users(email, first_name, last_name, `password`) values (:vtg1 /* VARCHAR */, :vtg2 /* VARCHAR */, :vtg3 /* VARCHAR */, :vtg4 /* VARCHAR */)", BindVars: {REDACTED}
	at com.mysql.cj.jdbc.exceptions.SQLError.createSQLException(SQLError.java:117)
	at com.mysql.cj.jdbc.exceptions.SQLExceptionsMapping.translateException(SQLExceptionsMapping.java:122)
	at com.mysql.cj.jdbc.ClientPreparedStatement.executeInternal(ClientPreparedStatement.java:953)
	at com.mysql.cj.jdbc.ClientPreparedStatement.executeUpdateInternal(ClientPreparedStatement.java:1098)
	at com.mysql.cj.jdbc.ClientPreparedStatement.executeUpdateInternal(ClientPreparedStatement.java:1046)
	at com.mysql.cj.jdbc.ClientPreparedStatement.executeLargeUpdate(ClientPreparedStatement.java:1371)
	at com.mysql.cj.jdbc.ClientPreparedStatement.executeUpdate(ClientPreparedStatement.java:1031)
	at in.alagappan.sportshub.dao.UserDAO.create(UserDAO.java:65)
	... 19 more
</failure>
    <system-out><![CDATA[target: demo_project.-.primary: vttablet: rpc error: code = AlreadyExists desc = Duplicate entry 'alagappan@gmail.com' for key 'users.email' (errno 1062) (sqlstate 23000) (CallerID: y4tsf63a2qokeiw4i3cs): Sql: "insert into users(email, first_name, last_name, `password`) values (:vtg1 /* VARCHAR */, :vtg2 /* VARCHAR */, :vtg3 /* VARCHAR */, :vtg4 /* VARCHAR */)", BindVars: {REDACTED}
]]></system-out>
    <system-err><![CDATA[java.sql.SQLIntegrityConstraintViolationException: target: demo_project.-.primary: vttablet: rpc error: code = AlreadyExists desc = Duplicate entry 'alagappan@gmail.com' for key 'users.email' (errno 1062) (sqlstate 23000) (CallerID: y4tsf63a2qokeiw4i3cs): Sql: "insert into users(email, first_name, last_name, `password`) values (:vtg1 /* VARCHAR */, :vtg2 /* VARCHAR */, :vtg3 /* VARCHAR */, :vtg4 /* VARCHAR */)", BindVars: {REDACTED}
	at com.mysql.cj.jdbc.exceptions.SQLError.createSQLException(SQLError.java:117)
	at com.mysql.cj.jdbc.exceptions.SQLExceptionsMapping.translateException(SQLExceptionsMapping.java:122)
	at com.mysql.cj.jdbc.ClientPreparedStatement.executeInternal(ClientPreparedStatement.java:953)
	at com.mysql.cj.jdbc.ClientPreparedStatement.executeUpdateInternal(ClientPreparedStatement.java:1098)
	at com.mysql.cj.jdbc.ClientPreparedStatement.executeUpdateInternal(ClientPreparedStatement.java:1046)
	at com.mysql.cj.jdbc.ClientPreparedStatement.executeLargeUpdate(ClientPreparedStatement.java:1371)
	at com.mysql.cj.jdbc.ClientPreparedStatement.executeUpdate(ClientPreparedStatement.java:1031)
	at in.alagappan.sportshub.dao.UserDAO.create(UserDAO.java:65)
	at in.alagappan.sportshub.service.UserService.create(UserService.java:29)
	at in.alagappan.sportshub.TestCreateUser.lambda$testCreateUserWithValidationInput$0(TestCreateUser.java:27)
	at org.junit.jupiter.api.AssertDoesNotThrow.assertDoesNotThrow(AssertDoesNotThrow.java:50)
	at org.junit.jupiter.api.AssertDoesNotThrow.assertDoesNotThrow(AssertDoesNotThrow.java:37)
	at org.junit.jupiter.api.Assertions.assertDoesNotThrow(Assertions.java:3135)
	at in.alagappan.sportshub.TestCreateUser.testCreateUserWithValidationInput(TestCreateUser.java:26)
	at java.base/jdk.internal.reflect.NativeMethodAccessorImpl.invoke0(Native Method)
	at java.base/jdk.internal.reflect.NativeMethodAccessorImpl.invoke(NativeMethodAccessorImpl.java:77)
	at java.base/jdk.internal.reflect.DelegatingMethodAccessorImpl.invoke(DelegatingMethodAccessorImpl.java:43)
	at java.base/java.lang.reflect.Method.invoke(Method.java:568)
	at org.apache.maven.surefire.junit.PojoTestSet.executeTestMethod(PojoTestSet.java:146)
	at org.apache.maven.surefire.junit.PojoTestSet.executeTestMethods(PojoTestSet.java:108)
	at org.apache.maven.surefire.junit.PojoTestSet.execute(PojoTestSet.java:89)
	at org.apache.maven.surefire.junit.JUnit3Provider.executeTestSet(JUnit3Provider.java:140)
	at org.apache.maven.surefire.junit.JUnit3Provider.invoke(JUnit3Provider.java:113)
	at org.apache.maven.surefire.booter.ForkedBooter.invokeProviderInSameClassLoader(ForkedBooter.java:384)
	at org.apache.maven.surefire.booter.ForkedBooter.runSuitesInProcess(ForkedBooter.java:345)
	at org.apache.maven.surefire.booter.ForkedBooter.execute(ForkedBooter.java:126)
	at org.apache.maven.surefire.booter.ForkedBooter.main(ForkedBooter.java:418)
]]></system-err>
  </testcase>
  <testcase name="in.alagappan.sportshub.TestCreateUser.testUserEmailWithEmpty" classname="in.alagappan.sportshub.TestCreateUser" time="0"/>
  <testcase name="in.alagappan.sportshub.TestCreateUser.testUserFirstNameWithNull" classname="in.alagappan.sportshub.TestCreateUser" time="0.001"/>
  <testcase name="in.alagappan.sportshub.TestCreateUser.testCreateUserWithInvalidInput" classname="in.alagappan.sportshub.TestCreateUser" time="0.002">
    <failure message="expected: &lt;true&gt; but was: &lt;false&gt;" type="org.opentest4j.AssertionFailedError"><![CDATA[org.opentest4j.AssertionFailedError: expected: <true> but was: <false>
	at org.junit.jupiter.api.AssertionUtils.fail(AssertionUtils.java:55)
	at org.junit.jupiter.api.AssertTrue.assertTrue(AssertTrue.java:40)
	at org.junit.jupiter.api.AssertTrue.assertTrue(AssertTrue.java:35)
	at org.junit.jupiter.api.Assertions.assertTrue(Assertions.java:179)
	at in.alagappan.sportshub.TestCreateUser.testCreateUserWithInvalidInput(TestCreateUser.java:40)
]]></failure>
  </testcase>
</testsuite>